<?xml version="1.0" encoding="UTF-8"?>
<!-- Generated by org.testng.reporters.JUnitReportReporter -->
<testsuite skipped="0" hostname="Swapan" name="com.myFirst_GradleProject.GoogleTest" tests="1" failures="0" timestamp="04 Feb 2019 04:26:11 GMT" time="2.796" errors="0">
  <testcase name="googleTitleTest" time="2.796" classname="com.myFirst_GradleProject.GoogleTest"/>
</testsuite> <!-- com.myFirst_GradleProject.GoogleTest -->
